<?xml version="1.0" encoding="UTF-8"?>
<!-- Generated by org.testng.reporters.JUnitReportReporter -->
<testsuite hostname="DESKTOP-5EFFPEF" failures="0" tests="1" name="TestNG_Concept.Annotation" time="0.017" errors="0" timestamp="2022-10-21T21:07:46 IST" skipped="0">
  <testcase classname="TestNG_Concept.Annotation" name="m7" time="0.017"/>
  <system-out/>
</testsuite> <!-- TestNG_Concept.Annotation -->
