<?xml version="1.0" encoding="UTF-8"?>
<!-- Generated by org.testng.reporters.JUnitReportReporter -->
<testsuite hostname="DESKTOP-5EFFPEF" failures="0" tests="2" name="TestNG_Concept.grouping" time="0.019" errors="0" timestamp="2022-11-09T13:47:05 IST" skipped="0">
  <testcase classname="TestNG_Concept.grouping" name="m4" time="0.002"/>
  <system-out/>
  <testcase classname="TestNG_Concept.grouping" name="m2" time="0.017"/>
  <system-out/>
</testsuite> <!-- TestNG_Concept.grouping -->
