<?xml version="1.0" encoding="UTF-8"?>
<!-- Generated by org.testng.reporters.JUnitReportReporter -->
<testsuite hostname="DESKTOP-5EFFPEF" failures="0" tests="1" name="TestNG_Concept.KeyWords" time="0.013" errors="0" timestamp="2022-10-18T10:54:15 IST" skipped="0">
  <testcase classname="TestNG_Concept.KeyWords" name="TC1" time="0.013"/>
  <system-out/>
</testsuite> <!-- TestNG_Concept.KeyWords -->
