<?xml version="1.0" encoding="UTF-8"?>
<!-- Generated by org.testng.reporters.JUnitReportReporter -->
<testsuite hostname="DESKTOP-5EFFPEF" failures="0" tests="8" name="parallelTesting.class2" time="0.117" errors="0" timestamp="2022-11-09T13:54:59 IST" skipped="0">
  <testcase classname="parallelTesting.class2" name="m1" time="0.029"/>
  <system-out/>
  <testcase classname="parallelTesting.class2" name="m3" time="0.001"/>
  <system-out/>
  <testcase classname="parallelTesting.class2" name="m2" time="0.015"/>
  <system-out/>
  <testcase classname="parallelTesting.class2" name="m2" time="0.008"/>
  <system-out/>
  <testcase classname="parallelTesting.class2" name="m3" time="0.011"/>
  <system-out/>
  <testcase classname="parallelTesting.class2" name="m4" time="0.040"/>
  <system-out/>
  <testcase classname="parallelTesting.class2" name="m1" time="0.012"/>
  <system-out/>
  <testcase classname="parallelTesting.class2" name="m4" time="0.001"/>
  <system-out/>
</testsuite> <!-- parallelTesting.class2 -->
