<?xml version="1.0" encoding="UTF-8"?>
<!-- Generated by org.testng.reporters.JUnitReportReporter -->
<testsuite hostname="DESKTOP-5EFFPEF" failures="0" tests="4" name="TestNG_Concept.grouping1" time="0.014" errors="0" timestamp="2022-11-09T13:47:05 IST" skipped="0">
  <testcase classname="TestNG_Concept.grouping1" name="m1" time="0.002"/>
  <system-out/>
  <testcase classname="TestNG_Concept.grouping1" name="m2" time="0.005"/>
  <system-out/>
  <testcase classname="TestNG_Concept.grouping1" name="m3" time="0.004"/>
  <system-out/>
  <testcase classname="TestNG_Concept.grouping1" name="m4" time="0.003"/>
  <system-out/>
</testsuite> <!-- TestNG_Concept.grouping1 -->
