<?xml version="1.0" encoding="UTF-8"?>
<!-- Generated by org.testng.reporters.JUnitReportReporter -->
<testsuite hostname="DESKTOP-5EFFPEF" failures="0" tests="4" name="TestNG_Concept.Keywords2" time="0.036" errors="0" timestamp="2022-11-12T21:38:08 IST" skipped="0">
  <testcase classname="TestNG_Concept.Keywords2" name="m2" time="0.020"/>
  <system-out/>
  <testcase classname="TestNG_Concept.Keywords2" name="m4" time="0.009"/>
  <system-out/>
  <testcase classname="TestNG_Concept.Keywords2" name="m3" time="0.003"/>
  <system-out/>
  <testcase classname="TestNG_Concept.Keywords2" name="m1" time="0.004"/>
  <system-out/>
</testsuite> <!-- TestNG_Concept.Keywords2 -->
