<?xml version="1.0" encoding="UTF-8"?>
<!-- Generated by org.testng.reporters.JUnitReportReporter -->
<testsuite hostname="DESKTOP-5EFFPEF" failures="0" tests="8" name="parallelTesting.class4" time="0.054" errors="0" timestamp="2022-11-09T13:54:59 IST" skipped="0">
  <testcase classname="parallelTesting.class4" name="m1" time="0.031"/>
  <system-out/>
  <testcase classname="parallelTesting.class4" name="m2" time="0.003"/>
  <system-out/>
  <testcase classname="parallelTesting.class4" name="m4" time="0.003"/>
  <system-out/>
  <testcase classname="parallelTesting.class4" name="m3" time="0.002"/>
  <system-out/>
  <testcase classname="parallelTesting.class4" name="m3" time="0.003"/>
  <system-out/>
  <testcase classname="parallelTesting.class4" name="m2" time="0.005"/>
  <system-out/>
  <testcase classname="parallelTesting.class4" name="m4" time="0.002"/>
  <system-out/>
  <testcase classname="parallelTesting.class4" name="m1" time="0.005"/>
  <system-out/>
</testsuite> <!-- parallelTesting.class4 -->
