<?xml version="1.0" encoding="UTF-8"?>
<!-- Generated by org.testng.reporters.JUnitReportReporter -->
<testsuite hostname="DESKTOP-5EFFPEF" failures="0" tests="3" name="TestNGpackage.Annotation" time="0.024" errors="0" timestamp="2022-10-14T22:56:13 IST" skipped="0">
  <testcase classname="TestNGpackage.Annotation" name="TC2" time="0.005"/>
  <system-out/>
  <testcase classname="TestNGpackage.Annotation" name="TC3" time="0.008"/>
  <system-out/>
  <testcase classname="TestNGpackage.Annotation" name="TC1" time="0.011"/>
  <system-out/>
</testsuite> <!-- TestNGpackage.Annotation -->
