<?xml version="1.0" encoding="UTF-8"?>
<!-- Generated by org.testng.reporters.JUnitReportReporter -->
<testsuite hostname="DESKTOP-5EFFPEF" failures="0" tests="4" name="TestNG_Concept.Keyword3" time="0.032" errors="0" timestamp="2022-11-12T21:43:42 IST" skipped="1">
  <testcase classname="TestNG_Concept.Keyword3" name="m1" time="0.020"/>
  <system-out/>
  <testcase classname="TestNG_Concept.Keyword3" name="m4" time="0.006"/>
  <system-out/>
  <testcase classname="TestNG_Concept.Keyword3" name="m2" time="0.006"/>
  <system-out/>
  <testcase classname="TestNG_Concept.Keyword3" name="m3">
    <skipped/>
  </testcase> <!-- m3 -->
  <system-out/>
</testsuite> <!-- TestNG_Concept.Keyword3 -->
