<?xml version="1.0" encoding="UTF-8"?>
<!-- Generated by org.testng.reporters.JUnitReportReporter -->
<testsuite hostname="DESKTOP-5EFFPEF" failures="0" tests="4" name="TestNG_Concept.Keyword4" time="0.046" errors="0" timestamp="2022-11-12T21:41:41 IST" skipped="0">
  <testcase classname="TestNG_Concept.Keyword4" name="m1" time="0.003"/>
  <system-out/>
  <testcase classname="TestNG_Concept.Keyword4" name="m4" time="0.017"/>
  <system-out/>
  <testcase classname="TestNG_Concept.Keyword4" name="m3" time="0.003"/>
  <system-out/>
  <testcase classname="TestNG_Concept.Keyword4" name="m2" time="0.023"/>
  <system-out/>
</testsuite> <!-- TestNG_Concept.Keyword4 -->
